2023-05-16 13:38:18,508:WARNING:
'cuml' is a soft dependency and not included in the pycaret installation. Please run: `pip install cuml` to install.
2023-05-16 13:38:18,508:WARNING:
'cuml' is a soft dependency and not included in the pycaret installation. Please run: `pip install cuml` to install.
2023-05-16 13:38:18,508:WARNING:
'cuml' is a soft dependency and not included in the pycaret installation. Please run: `pip install cuml` to install.
2023-05-16 13:38:18,508:WARNING:
'cuml' is a soft dependency and not included in the pycaret installation. Please run: `pip install cuml` to install.
2023-05-16 13:38:19,887:WARNING:
'prophet' is a soft dependency and not included in the pycaret installation. Please run: `pip install prophet` to install.
2023-05-16 13:38:20,730:INFO:Initializing load_model()
2023-05-16 13:38:20,730:INFO:load_model(model_name=deployment_28042020, platform=None, authentication=None, verbose=True)
2023-05-16 13:43:36,824:WARNING:
'cuml' is a soft dependency and not included in the pycaret installation. Please run: `pip install cuml` to install.
2023-05-16 13:43:36,825:WARNING:
'cuml' is a soft dependency and not included in the pycaret installation. Please run: `pip install cuml` to install.
2023-05-16 13:43:36,825:WARNING:
'cuml' is a soft dependency and not included in the pycaret installation. Please run: `pip install cuml` to install.
2023-05-16 13:43:36,825:WARNING:
'cuml' is a soft dependency and not included in the pycaret installation. Please run: `pip install cuml` to install.
2023-05-16 13:43:37,981:WARNING:
'prophet' is a soft dependency and not included in the pycaret installation. Please run: `pip install prophet` to install.
2023-05-16 13:43:38,694:INFO:Initializing load_model()
2023-05-16 13:43:38,694:INFO:load_model(model_name=deployment_28042020, platform=None, authentication=None, verbose=True)
2023-05-16 13:44:48,599:WARNING:
'cuml' is a soft dependency and not included in the pycaret installation. Please run: `pip install cuml` to install.
2023-05-16 13:44:48,599:WARNING:
'cuml' is a soft dependency and not included in the pycaret installation. Please run: `pip install cuml` to install.
2023-05-16 13:44:48,599:WARNING:
'cuml' is a soft dependency and not included in the pycaret installation. Please run: `pip install cuml` to install.
2023-05-16 13:44:48,601:WARNING:
'cuml' is a soft dependency and not included in the pycaret installation. Please run: `pip install cuml` to install.
2023-05-16 13:44:49,784:WARNING:
'prophet' is a soft dependency and not included in the pycaret installation. Please run: `pip install prophet` to install.
2023-05-16 13:45:29,318:WARNING:
'cuml' is a soft dependency and not included in the pycaret installation. Please run: `pip install cuml` to install.
2023-05-16 13:45:29,319:WARNING:
'cuml' is a soft dependency and not included in the pycaret installation. Please run: `pip install cuml` to install.
2023-05-16 13:45:29,319:WARNING:
'cuml' is a soft dependency and not included in the pycaret installation. Please run: `pip install cuml` to install.
2023-05-16 13:45:29,319:WARNING:
'cuml' is a soft dependency and not included in the pycaret installation. Please run: `pip install cuml` to install.
2023-05-16 13:45:30,303:WARNING:
'prophet' is a soft dependency and not included in the pycaret installation. Please run: `pip install prophet` to install.
2023-05-16 13:48:24,519:WARNING:
'cuml' is a soft dependency and not included in the pycaret installation. Please run: `pip install cuml` to install.
2023-05-16 13:48:24,519:WARNING:
'cuml' is a soft dependency and not included in the pycaret installation. Please run: `pip install cuml` to install.
2023-05-16 13:48:24,519:WARNING:
'cuml' is a soft dependency and not included in the pycaret installation. Please run: `pip install cuml` to install.
2023-05-16 13:48:24,519:WARNING:
'cuml' is a soft dependency and not included in the pycaret installation. Please run: `pip install cuml` to install.
2023-05-16 13:48:25,806:WARNING:
'prophet' is a soft dependency and not included in the pycaret installation. Please run: `pip install prophet` to install.
2023-05-16 13:48:26,612:WARNING:C:\Python310\lib\site-packages\sklearn\base.py:318: UserWarning: Trying to unpickle estimator SimpleImputer from version 1.0.2 when using version 1.2.2. This might lead to breaking code or invalid results. Use at your own risk. For more info please refer to:
https://scikit-learn.org/stable/model_persistence.html#security-maintainability-limitations
  warnings.warn(

2023-05-16 13:48:26,615:WARNING:C:\Python310\lib\site-packages\sklearn\base.py:318: UserWarning: Trying to unpickle estimator PolynomialFeatures from version 1.0.2 when using version 1.2.2. This might lead to breaking code or invalid results. Use at your own risk. For more info please refer to:
https://scikit-learn.org/stable/model_persistence.html#security-maintainability-limitations
  warnings.warn(

2023-05-16 13:48:26,616:WARNING:C:\Python310\lib\site-packages\sklearn\base.py:318: UserWarning: Trying to unpickle estimator KBinsDiscretizer from version 1.0.2 when using version 1.2.2. This might lead to breaking code or invalid results. Use at your own risk. For more info please refer to:
https://scikit-learn.org/stable/model_persistence.html#security-maintainability-limitations
  warnings.warn(

2023-05-16 13:48:26,616:WARNING:C:\Python310\lib\site-packages\sklearn\base.py:318: UserWarning: Trying to unpickle estimator StandardScaler from version 1.0.2 when using version 1.2.2. This might lead to breaking code or invalid results. Use at your own risk. For more info please refer to:
https://scikit-learn.org/stable/model_persistence.html#security-maintainability-limitations
  warnings.warn(

2023-05-16 13:48:26,617:WARNING:C:\Python310\lib\site-packages\sklearn\base.py:318: UserWarning: Trying to unpickle estimator LinearRegression from version 1.0.2 when using version 1.2.2. This might lead to breaking code or invalid results. Use at your own risk. For more info please refer to:
https://scikit-learn.org/stable/model_persistence.html#security-maintainability-limitations
  warnings.warn(

2023-05-16 13:48:26,618:WARNING:C:\Python310\lib\site-packages\pycaret\internal\pipeline.py:135: UserWarning: Version mismatch:
current: {'deps_info': {'pip': '22.0.4', 'setuptools': '58.1.0', 'pycaret': '3.0.1', 'IPython': '8.11.0', 'ipywidgets': '8.0.6', 'tqdm': '4.65.0', 'numpy': '1.23.5', 'pandas': '1.5.3', 'jinja2': '3.1.2', 'scipy': '1.10.1', 'joblib': '1.2.0', 'sklearn': '1.2.2', 'pyod': '1.0.9', 'imblearn': '0.10.1', 'category_encoders': '2.6.0', 'lightgbm': '3.3.5', 'numba': '0.57.0', 'requests': '2.28.1', 'matplotlib': '3.7.1', 'scikitplot': '0.3.7', 'yellowbrick': '1.5', 'plotly': '5.14.1', 'kaleido': '0.2.1', 'statsmodels': '0.14.0', 'sktime': '0.17.0', 'tbats': '1.1.3', 'pmdarima': '2.0.3', 'psutil': '5.9.4'}, 'python': {'version': '3.10.5', 'machine': 'AMD64'}}
pickle: {'deps_info': {'pip': '22.2.2', 'setuptools': '63.4.1', 'pycaret': '3.0.0', 'IPython': '7.31.1', 'ipywidgets': '7.6.5', 'tqdm': '4.64.1', 'numpy': '1.21.5', 'pandas': '1.4.4', 'jinja2': '2.11.3', 'scipy': '1.9.1', 'joblib': '1.2.0', 'sklearn': '1.0.2', 'pyod': '1.0.9', 'imblearn': '0.10.1', 'category_encoders': '2.6.0', 'lightgbm': '3.3.5', 'numba': '0.55.1', 'requests': '2.28.1', 'matplotlib': '3.5.2', 'scikitplot': '0.3.7', 'yellowbrick': '1.5', 'plotly': '5.9.0', 'kaleido': '0.2.1', 'statsmodels': '0.13.2', 'sktime': '0.18.0', 'tbats': '1.1.3', 'pmdarima': '2.0.3', 'psutil': '5.9.0'}, 'python': {'version': '3.9.13', 'machine': 'AMD64'}}
  warnings.warn(

2023-05-16 13:50:48,636:WARNING:
'cuml' is a soft dependency and not included in the pycaret installation. Please run: `pip install cuml` to install.
2023-05-16 13:50:48,637:WARNING:
'cuml' is a soft dependency and not included in the pycaret installation. Please run: `pip install cuml` to install.
2023-05-16 13:50:48,637:WARNING:
'cuml' is a soft dependency and not included in the pycaret installation. Please run: `pip install cuml` to install.
2023-05-16 13:50:48,637:WARNING:
'cuml' is a soft dependency and not included in the pycaret installation. Please run: `pip install cuml` to install.
2023-05-16 13:50:49,669:WARNING:
'prophet' is a soft dependency and not included in the pycaret installation. Please run: `pip install prophet` to install.
2023-05-16 13:50:50,329:WARNING:C:\Python310\lib\site-packages\sklearn\base.py:318: UserWarning: Trying to unpickle estimator SimpleImputer from version 1.0.2 when using version 1.2.2. This might lead to breaking code or invalid results. Use at your own risk. For more info please refer to:
https://scikit-learn.org/stable/model_persistence.html#security-maintainability-limitations
  warnings.warn(

2023-05-16 13:50:50,331:WARNING:C:\Python310\lib\site-packages\sklearn\base.py:318: UserWarning: Trying to unpickle estimator PolynomialFeatures from version 1.0.2 when using version 1.2.2. This might lead to breaking code or invalid results. Use at your own risk. For more info please refer to:
https://scikit-learn.org/stable/model_persistence.html#security-maintainability-limitations
  warnings.warn(

2023-05-16 13:50:50,331:WARNING:C:\Python310\lib\site-packages\sklearn\base.py:318: UserWarning: Trying to unpickle estimator KBinsDiscretizer from version 1.0.2 when using version 1.2.2. This might lead to breaking code or invalid results. Use at your own risk. For more info please refer to:
https://scikit-learn.org/stable/model_persistence.html#security-maintainability-limitations
  warnings.warn(

2023-05-16 13:50:50,332:WARNING:C:\Python310\lib\site-packages\sklearn\base.py:318: UserWarning: Trying to unpickle estimator StandardScaler from version 1.0.2 when using version 1.2.2. This might lead to breaking code or invalid results. Use at your own risk. For more info please refer to:
https://scikit-learn.org/stable/model_persistence.html#security-maintainability-limitations
  warnings.warn(

2023-05-16 13:50:50,332:WARNING:C:\Python310\lib\site-packages\sklearn\base.py:318: UserWarning: Trying to unpickle estimator LinearRegression from version 1.0.2 when using version 1.2.2. This might lead to breaking code or invalid results. Use at your own risk. For more info please refer to:
https://scikit-learn.org/stable/model_persistence.html#security-maintainability-limitations
  warnings.warn(

2023-05-16 13:50:50,333:WARNING:C:\Python310\lib\site-packages\pycaret\internal\pipeline.py:135: UserWarning: Version mismatch:
current: {'deps_info': {'pip': '22.0.4', 'setuptools': '58.1.0', 'pycaret': '3.0.1', 'IPython': '8.11.0', 'ipywidgets': '8.0.6', 'tqdm': '4.65.0', 'numpy': '1.23.5', 'pandas': '1.5.3', 'jinja2': '3.1.2', 'scipy': '1.10.1', 'joblib': '1.2.0', 'sklearn': '1.2.2', 'pyod': '1.0.9', 'imblearn': '0.10.1', 'category_encoders': '2.6.0', 'lightgbm': '3.3.5', 'numba': '0.57.0', 'requests': '2.28.1', 'matplotlib': '3.7.1', 'scikitplot': '0.3.7', 'yellowbrick': '1.5', 'plotly': '5.14.1', 'kaleido': '0.2.1', 'statsmodels': '0.14.0', 'sktime': '0.17.0', 'tbats': '1.1.3', 'pmdarima': '2.0.3', 'psutil': '5.9.4'}, 'python': {'version': '3.10.5', 'machine': 'AMD64'}}
pickle: {'deps_info': {'pip': '22.2.2', 'setuptools': '63.4.1', 'pycaret': '3.0.0', 'IPython': '7.31.1', 'ipywidgets': '7.6.5', 'tqdm': '4.64.1', 'numpy': '1.21.5', 'pandas': '1.4.4', 'jinja2': '2.11.3', 'scipy': '1.9.1', 'joblib': '1.2.0', 'sklearn': '1.0.2', 'pyod': '1.0.9', 'imblearn': '0.10.1', 'category_encoders': '2.6.0', 'lightgbm': '3.3.5', 'numba': '0.55.1', 'requests': '2.28.1', 'matplotlib': '3.5.2', 'scikitplot': '0.3.7', 'yellowbrick': '1.5', 'plotly': '5.9.0', 'kaleido': '0.2.1', 'statsmodels': '0.13.2', 'sktime': '0.18.0', 'tbats': '1.1.3', 'pmdarima': '2.0.3', 'psutil': '5.9.0'}, 'python': {'version': '3.9.13', 'machine': 'AMD64'}}
  warnings.warn(

